<?xml version="1.0" encoding="UTF-8"?>
<testng-results ignored="0" total="2" passed="2" failed="0" skipped="0">
  <reporter-output>
  </reporter-output>
  <suite started-at="2024-10-27T18:24:37Z" name="Default suite" finished-at="2024-10-27T18:25:09Z" duration-ms="32422">
    <groups>
    </groups>
    <test started-at="2024-10-27T18:24:37Z" name="Default test" finished-at="2024-10-27T18:25:09Z" duration-ms="32422">
      <class name="com.qa.testcases.LoginPage_TestCase">
        <test-method is-config="true" signature="setup()[pri:0, instance:com.qa.testcases.LoginPage_TestCase@6a4f1a55]" started-at="2024-10-27T23:54:37Z" name="setup" finished-at="2024-10-27T23:54:54Z" duration-ms="16470" status="PASS">
          <reporter-output>
          </reporter-output>
        </test-method> <!-- setup -->
        <test-method signature="verifyLoginFunctionality(java.lang.String, java.lang.String)[pri:0, instance:com.qa.testcases.LoginPage_TestCase@6a4f1a55]" started-at="2024-10-27T23:54:54Z" name="verifyLoginFunctionality" data-provider="getLoginTestData" finished-at="2024-10-27T23:54:54Z" duration-ms="674" status="PASS">
          <params>
            <param index="0">
              <value>
                <![CDATA[rupesh.gupta58@gmail.com]]>
              </value>
            </param>
            <param index="1">
              <value>
                <![CDATA[143@M.ummy]]>
              </value>
            </param>
          </params>
          <reporter-output>
          </reporter-output>
        </test-method> <!-- verifyLoginFunctionality -->
        <test-method is-config="true" signature="tearDown()[pri:0, instance:com.qa.testcases.LoginPage_TestCase@6a4f1a55]" started-at="2024-10-27T23:54:55Z" name="tearDown" finished-at="2024-10-27T23:54:55Z" duration-ms="183" status="PASS">
          <reporter-output>
          </reporter-output>
        </test-method> <!-- tearDown -->
        <test-method is-config="true" signature="setup()[pri:0, instance:com.qa.testcases.LoginPage_TestCase@6a4f1a55]" started-at="2024-10-27T23:54:55Z" name="setup" finished-at="2024-10-27T23:55:08Z" duration-ms="13484" status="PASS">
          <reporter-output>
          </reporter-output>
        </test-method> <!-- setup -->
        <test-method signature="verifypagetitle(java.lang.String, java.lang.String)[pri:1, instance:com.qa.testcases.LoginPage_TestCase@6a4f1a55]" started-at="2024-10-27T23:55:08Z" name="verifypagetitle" data-provider="getLoginTestData" finished-at="2024-10-27T23:55:09Z" duration-ms="612" status="PASS">
          <params>
            <param index="0">
              <value>
                <![CDATA[rupesh.gupta58@gmail.com]]>
              </value>
            </param>
            <param index="1">
              <value>
                <![CDATA[143@M.ummy]]>
              </value>
            </param>
          </params>
          <reporter-output>
          </reporter-output>
        </test-method> <!-- verifypagetitle -->
        <test-method is-config="true" signature="tearDown()[pri:0, instance:com.qa.testcases.LoginPage_TestCase@6a4f1a55]" started-at="2024-10-27T23:55:09Z" name="tearDown" finished-at="2024-10-27T23:55:09Z" duration-ms="167" status="PASS">
          <reporter-output>
          </reporter-output>
        </test-method> <!-- tearDown -->
      </class> <!-- com.qa.testcases.LoginPage_TestCase -->
    </test> <!-- Default test -->
  </suite> <!-- Default suite -->
</testng-results>
