<?xml version="1.0" encoding="UTF-8"?>
<!-- Generated by org.testng.reporters.JUnitXMLReporter -->
<testsuite ignored="0" hostname="DESKTOP-8AK31QI" failures="0" tests="2" name="Default test" time="32.422" errors="0" timestamp="27 Oct 2024 18:25:09 GMT">
  <testcase classname="com.qa.testcases.LoginPage_TestCase" name="verifyLoginFunctionality" time="0.674"/>
  <testcase classname="com.qa.testcases.LoginPage_TestCase" name="verifypagetitle" time="0.612"/>
</testsuite> <!-- Default test -->
